<?xml version="1.0" encoding="UTF-8" ?>
<testsuite errors="0" failures="1" hostname="NOILAB66158" name="com.sap.test.AllTests" skipped="1" tests="11" time="0.056" timestamp="2016-07-11T08:45:37">
  <properties>
    <property name="ant.project.invoked-targets" value="report" />
    <property name="java.runtime.name" value="Java(TM) SE Runtime Environment" />
    <property name="sun.boot.library.path" value="C:\Program Files\Java\jre1.8.0_91\bin" />
    <property name="java.vm.version" value="25.91-b15" />
    <property name="ant.library.dir" value="D:\Java Training\Eclipse Mars for JEE 4.5\eclipse-jee-mars-2-win32-x86_64\eclipse\plugins\org.apache.ant_1.9.6.v201510161327\lib" />
    <property name="ant.version" value="Apache Ant(TM) version 1.9.6 compiled on June 29 2015" />
    <property name="ant.java.version" value="1.8" />
    <property name="ant.file.test" value="C:\Users\hbharg\git\harshil2\JUnit4Demo\junitbuild.xml" />
    <property name="java.vm.vendor" value="Oracle Corporation" />
    <property name="java.vendor.url" value="http://java.oracle.com/" />
    <property name="path.separator" value=";" />
    <property name="java.vm.name" value="Java HotSpot(TM) 64-Bit Server VM" />
    <property name="file.encoding.pkg" value="sun.io" />
    <property name="user.script" value="" />
    <property name="user.country" value="US" />
    <property name="sun.java.launcher" value="SUN_STANDARD" />
    <property name="sun.os.patch.level" value="Service Pack 1" />
    <property name="java.vm.specification.name" value="Java Virtual Machine Specification" />
    <property name="user.dir" value="C:\Users\hbharg\git\harshil2\JUnit4Demo" />
    <property name="java.runtime.version" value="1.8.0_91-b15" />
    <property name="java.awt.graphicsenv" value="sun.awt.Win32GraphicsEnvironment" />
    <property name="eclipse.pdebuild.scripts" value="/D:/Java Training/Eclipse Mars for JEE 4.5/eclipse-jee-mars-2-win32-x86_64/eclipse/plugins/org.eclipse.pde.build_3.9.100.v20150521-1524/scripts/" />
    <property name="basedir" value="C:\Users\hbharg\git\harshil2\JUnit4Demo" />
    <property name="java.endorsed.dirs" value="C:\Program Files\Java\jre1.8.0_91\lib\endorsed" />
    <property name="os.arch" value="amd64" />
    <property name="ant.project.default-target" value="test" />
    <property name="java.io.tmpdir" value="C:\Users\hbharg\AppData\Local\Temp\" />
    <property name="ant.core.lib" value="D:\Java Training\Eclipse Mars for JEE 4.5\eclipse-jee-mars-2-win32-x86_64\eclipse\plugins\org.apache.ant_1.9.6.v201510161327\lib\ant.jar" />
    <property name="line.separator" value="&#xd;&#xa;" />
    <property name="java.vm.specification.vendor" value="Oracle Corporation" />
    <property name="user.variant" value="" />
    <property name="os.name" value="Windows 7" />
    <property name="ant.home" value="D:\Java Training\Eclipse Mars for JEE 4.5\eclipse-jee-mars-2-win32-x86_64\eclipse\plugins\org.apache.ant_1.9.6.v201510161327" />
    <property name="eclipse.pdebuild.templates" value="/D:/Java Training/Eclipse Mars for JEE 4.5/eclipse-jee-mars-2-win32-x86_64/eclipse/plugins/org.eclipse.pde.build_3.9.100.v20150521-1524/templates/" />
    <property name="ant.project.name" value="test" />
    <property name="sun.jnu.encoding" value="Cp1252" />
    <property name="java.library.path" value="C:\Program Files\Java\jre1.8.0_91\bin;C:\Windows\Sun\Java\bin;C:\Windows\system32;C:\Windows;C:/Program Files/Java/jre1.8.0_91/bin/server;C:/Program Files/Java/jre1.8.0_91/bin;C:/Program Files/Java/jre1.8.0_91/lib/amd64;C:\oraclexe\app\oracle\product\10.2.0\server\bin;C:\ProgramData\Oracle\Java\javapath;D:\AEM6.1_author\crx-quickstart\opt\filevault\vault-cli-3.1.16\bin;D:\lab\apache-maven-3.0.5\bin;C:\Program Files\apache-ant-1.9.6\BIN;C:\Program Files\Java\jdk1.7.0_51\BIN;C:\Windows\SYSTEM32;C:\Windows;C:\Windows\SYSTEM32\WBEM;C:\Windows\SYSTEM32\WINDOWSPOWERSHELL\V1.0\;c:\Program Files\Intel\WiFi\bin\;c:\Program Files\Common Files\Intel\WirelessCommon\;C:\Program Files\TortoiseSVN\bin;C:\Program Files\Git\cmd;C:\Program Files\nodejs\;C:\Program Files (x86)\Brackets\command;C:\Program Files (x86)\TortoiseSVN\bin;C:\Program Files\Intel\WiFi\bin\;C:\Program Files\Common Files\Intel\WirelessCommon\;D:\Java Training\Eclipse Mars for JEE 4.5\eclipse-jee-mars-2-win32-x86_64\eclipse;;." />
    <property name="eclipse.pdebuild.home" value="/D:/Java Training/Eclipse Mars for JEE 4.5/eclipse-jee-mars-2-win32-x86_64/eclipse/plugins/org.eclipse.pde.build_3.9.100.v20150521-1524/./" />
    <property name="java.class.version" value="52.0" />
    <property name="java.specification.name" value="Java Platform API Specification" />
    <property name="sun.management.compiler" value="HotSpot 64-Bit Tiered Compilers" />
    <property name="ant.file.type.test" value="file" />
    <property name="os.version" value="6.1" />
    <property name="ant.file" value="C:\Users\hbharg\git\harshil2\JUnit4Demo\junitbuild.xml" />
    <property name="user.home" value="C:\Users\hbharg" />
    <property name="user.timezone" value="" />
    <property name="java.awt.printerjob" value="sun.awt.windows.WPrinterJob" />
    <property name="java.specification.version" value="1.8" />
    <property name="file.encoding" value="Cp1252" />
    <property name="user.name" value="hbharg" />
    <property name="java.class.path" value="C:\Users\hbharg\git\harshil2\JUnit4Demo\classes;C:\Users\hbharg\Desktop\junit-4.5.jar;D:\Java Training\Eclipse Mars for JEE 4.5\eclipse-jee-mars-2-win32-x86_64\eclipse\plugins\org.apache.ant_1.9.6.v201510161327\lib\ant-launcher.jar;D:\Java Training\Eclipse Mars for JEE 4.5\eclipse-jee-mars-2-win32-x86_64\eclipse\plugins\org.apache.ant_1.9.6.v201510161327\lib\ant.jar;D:\Java Training\Eclipse Mars for JEE 4.5\eclipse-jee-mars-2-win32-x86_64\eclipse\plugins\org.apache.ant_1.9.6.v201510161327\lib\ant-junit.jar;D:\Java Training\Eclipse Mars for JEE 4.5\eclipse-jee-mars-2-win32-x86_64\eclipse\plugins\org.apache.ant_1.9.6.v201510161327\lib\ant-junit4.jar" />
    <property name="java.vm.specification.version" value="1.8" />
    <property name="sun.java.command" value="org.apache.tools.ant.taskdefs.optional.junit.JUnitTestRunner com.sap.test.AllTests skipNonTests=false filtertrace=true haltOnError=false haltOnFailure=false formatter=org.apache.tools.ant.taskdefs.optional.junit.SummaryJUnitResultFormatter showoutput=false outputtoformatters=true logfailedtests=true threadid=0 logtestlistenerevents=false formatter=org.apache.tools.ant.taskdefs.optional.junit.XMLJUnitResultFormatter,C:\Users\hbharg\git\harshil2\JUnit4Demo\reports\TEST-com.sap.test.AllTests.xml crashfile=C:\Users\hbharg\git\harshil2\JUnit4Demo\junitvmwatcher1988680905052907812.properties propsfile=C:\Users\hbharg\git\harshil2\JUnit4Demo\junit6240757308667020398.properties" />
    <property name="sun.arch.data.model" value="64" />
    <property name="java.home" value="C:\Program Files\Java\jre1.8.0_91" />
    <property name="java.specification.vendor" value="Oracle Corporation" />
    <property name="user.language" value="en" />
    <property name="awt.toolkit" value="sun.awt.windows.WToolkit" />
    <property name="java.vm.info" value="mixed mode" />
    <property name="java.version" value="1.8.0_91" />
    <property name="java.ext.dirs" value="C:\Program Files\Java\jre1.8.0_91\lib\ext;C:\Windows\Sun\Java\lib\ext" />
    <property name="sun.boot.class.path" value="C:\Program Files\Java\jre1.8.0_91\lib\resources.jar;C:\Program Files\Java\jre1.8.0_91\lib\rt.jar;C:\Program Files\Java\jre1.8.0_91\lib\sunrsasign.jar;C:\Program Files\Java\jre1.8.0_91\lib\jsse.jar;C:\Program Files\Java\jre1.8.0_91\lib\jce.jar;C:\Program Files\Java\jre1.8.0_91\lib\charsets.jar;C:\Program Files\Java\jre1.8.0_91\lib\jfr.jar;C:\Program Files\Java\jre1.8.0_91\classes" />
    <property name="java.vendor" value="Oracle Corporation" />
    <property name="file.separator" value="\" />
    <property name="java.vendor.url.bug" value="http://bugreport.sun.com/bugreport/" />
    <property name="sun.cpu.endian" value="little" />
    <property name="sun.io.unicode.encoding" value="UnicodeLittle" />
    <property name="sun.desktop" value="windows" />
    <property name="sun.cpu.isalist" value="amd64" />
  </properties>
  <testcase classname="com.sap.test.calcTest" name="calcTest2" time="0.005">
    <failure message="expected:&lt;7.5&gt; but was:&lt;7.0&gt;" type="junit.framework.AssertionFailedError">junit.framework.AssertionFailedError: expected:&lt;7.5&gt; but was:&lt;7.0&gt;
	at com.sap.test.calcTest.calcTest2(Unknown Source)
</failure>
  </testcase>
  <testcase classname="com.sap.test.calcTest" name="calcTest1" time="0.0" />
  <testcase classname="com.sap.test.RoundTest" name="roundTest1" time="0.0" />
  <testcase classname="com.sap.test.RoundTest" name="roundTest2" time="0.0" />
  <testcase classname="com.sap.test.RoundTest" name="roundTest3" time="0.0" />
  <testcase classname="com.sap.test.RoundTest" name="roundTest4" time="0.0">
    <skipped />
  </testcase>
  <testcase classname="com.sap.test.LoanTest" name="loanTest1" time="0.0" />
  <testcase classname="com.sap.test.LoanTest" name="loanTest2" time="0.0" />
  <testcase classname="com.sap.test.LoanTest" name="loanTest3" time="0.0" />
  <testcase classname="com.sap.test.LoanTest" name="loanTest4" time="0.0" />
  <testcase classname="com.sap.test.LoanTest" name="loanTest5" time="0.0" />
  <system-out><![CDATA[before class
before
test1
after
before
test2
after
before
test3
after
after class
]]></system-out>
  <system-err><![CDATA[]]></system-err>
</testsuite>
